    Blocking waiting for file lock on build directory
   Compiling proc-macro2 v1.0.106
   Compiling quote v1.0.45
   Compiling unicode-ident v1.0.24
   Compiling libc v0.2.186
    Checking cfg-if v1.0.4
   Compiling autocfg v1.5.1
   Compiling libm v0.2.16
   Compiling zerocopy v0.8.48
   Compiling version_check v0.9.5
   Compiling serde_core v1.0.228
   Compiling crossbeam-utils v0.8.21
   Compiling num-traits v0.2.19
   Compiling serde v1.0.228
    Checking bitflags v2.11.1
    Checking equivalent v1.0.2
    Checking either v1.16.0
    Checking once_cell v1.21.4
    Checking allocator-api2 v0.2.21
    Checking getrandom v0.2.17
    Checking rand_core v0.6.4
   Compiling getrandom v0.3.4
   Compiling rayon-core v1.13.0
    Checking foldhash v0.1.5
   Compiling paste v1.0.15
   Compiling heck v0.5.0
   Compiling ident_case v1.0.1
    Checking crossbeam-epoch v0.9.18
    Checking memchr v2.8.0
    Checking scopeguard v1.2.0
    Checking log v0.4.30
   Compiling unicode-segmentation v1.13.2
   Compiling syn v2.0.117
    Checking crossbeam-deque v0.8.6
   Compiling strsim v0.11.1
    Checking lock_api v0.4.14
   Compiling ahash v0.8.12
   Compiling unicode-xid v0.2.6
    Checking crossbeam-channel v0.5.15
   Compiling nano-gemm-codegen v0.2.1
   Compiling convert_case v0.10.0
    Checking rand_core v0.9.5
    Checking rayon v1.12.0
   Compiling portable-atomic v1.13.1
    Checking core-foundation-sys v0.8.7
   Compiling semver v1.0.28
    Checking bytes v1.11.1
   Compiling rustc_version v0.4.1
    Checking iana-time-zone v0.1.65
    Checking arrow-schema v54.3.1
   Compiling matrixmultiply v0.3.10
   Compiling pulp v0.22.2
    Checking num-integer v0.1.46
    Checking byteorder v1.5.0
    Checking itoa v1.0.18
   Compiling seq-macro v0.3.6
    Checking num-bigint v0.4.6
    Checking num-iter v0.1.45
    Checking chrono v0.4.44
    Checking thread-tree v0.3.3
    Checking num_cpus v1.17.0
    Checking rawpointer v0.2.1
   Compiling thiserror v1.0.69
    Checking futures-core v0.3.32
    Checking ryu v1.0.23
   Compiling cubecl-common v0.6.0
    Checking pulp-wasm-simd-flag v0.1.0
    Checking futures-io v0.3.32
    Checking parking v2.2.1
    Checking unicode-width v0.2.0
    Checking fastrand v2.4.1
    Checking reborrow v0.5.5
    Checking pin-project-lite v0.2.17
    Checking futures-lite v2.6.1
    Checking spin v0.10.0
    Checking itertools v0.14.0
   Compiling thiserror v2.0.18
    Checking embassy-futures v0.1.2
    Checking web-time v1.1.0
   Compiling rustversion v1.0.22
   Compiling dyn-stack-macros v0.1.3
    Checking num-rational v0.4.2
    Checking errno v0.3.14
    Checking foldhash v0.2.0
    Checking lexical-util v1.0.7
   Compiling jobserver v0.1.34
    Checking static_assertions v1.1.0
   Compiling fnv v1.0.7
   Compiling shlex v1.3.0
   Compiling find-msvc-tools v0.1.9
   Compiling cc v1.2.62
    Checking hashbrown v0.16.1
    Checking serde_bytes v0.11.19
    Checking raw-cpuid v11.6.0
    Checking typenum v1.20.0
   Compiling signal-hook v0.3.18
    Checking colored v3.1.1
   Compiling parking_lot_core v0.9.12
   Compiling ucd-trie v0.1.7
   Compiling pkg-config v0.3.33
   Compiling pest v2.8.6
    Checking castaway v0.2.4
    Checking signal-hook-registry v1.4.8
   Compiling generic-array v0.14.7
   Compiling instability v0.3.12
   Compiling crc32fast v1.5.0
   Compiling cfg_aliases v0.2.1
   Compiling indoc v2.0.7
    Checking nano-gemm-core v0.2.1
   Compiling zmij v1.0.21
    Checking smallvec v1.15.1
   Compiling rustix v1.1.4
   Compiling darling_core v0.23.0
   Compiling darling_core v0.20.11
   Compiling zstd-sys v2.0.16+zstd.1.5.7
    Checking compact_str v0.9.0
   Compiling macerator v0.2.10
    Checking unicode-truncate v2.0.1
    Checking lru v0.16.4
    Checking lexical-write-integer v1.0.6
    Checking lexical-parse-integer v1.0.6
   Compiling pest_meta v2.8.6
    Checking mio v1.2.0
    Checking powerfmt v0.2.0
   Compiling litrs v1.0.0
    Checking adler2 v2.0.1
    Checking simd-adler32 v0.3.9
   Compiling serde_json v1.0.150
    Checking signal-hook-mio v0.2.5
    Checking miniz_oxide v0.8.9
    Checking lexical-write-float v1.0.6
   Compiling document-features v0.2.12
    Checking deranged v0.5.8
   Compiling zerocopy-derive v0.8.48
   Compiling bytemuck_derive v1.10.2
   Compiling serde_derive v1.0.228
    Checking bytemuck v1.25.0
   Compiling derive_more-impl v2.1.1
   Compiling derive-new v0.7.0
   Compiling thiserror-impl v1.0.69
   Compiling enum-as-inner v0.6.1
   Compiling thiserror-impl v2.0.18
   Compiling darling_macro v0.23.0
    Checking dyn-stack v0.13.2
   Compiling darling_macro v0.20.11
   Compiling strum_macros v0.27.2
   Compiling darling v0.20.11
   Compiling darling v0.23.0
    Checking sysctl v0.6.0
   Compiling macerator-macros v0.1.5
    Checking safe_arch v0.7.4
   Compiling pest_generator v2.8.6
    Checking kasuari v0.4.12
    Checking lexical-parse-float v1.0.6
    Checking parking_lot v0.12.5
    Checking rmp v0.8.15
    Checking derive_more v2.1.1
   Compiling flatbuffers v24.12.23
   Compiling nano-gemm-f32 v0.2.1
   Compiling nano-gemm-c32 v0.2.1
   Compiling nano-gemm-f64 v0.2.1
   Compiling nano-gemm-c64 v0.2.1
    Checking aho-corasick v1.1.4
    Checking num_threads v0.1.7
    Checking rand_core v0.10.1
    Checking utf8parse v0.2.2
   Compiling getrandom v0.4.2
    Checking unty v0.0.4
   Compiling burn-ndarray v0.18.0
    Checking strum v0.27.2
   Compiling zstd-safe v7.2.4
    Checking time-core v0.1.8
    Checking ratatui-core v0.1.0
    Checking num-conv v0.2.2
    Checking moddef v0.3.0
    Checking regex-syntax v0.8.10
    Checking time v0.3.47
    Checking hashbrown v0.15.5
    Checking bincode v2.0.1
    Checking rmp-serde v1.3.1
    Checking anstyle-parse v1.0.0
    Checking crossterm v0.29.0
   Compiling pest_derive v2.8.6
    Checking flate2 v1.1.9
    Checking lexical-core v1.0.6
    Checking wide v0.7.33
   Compiling burn-derive v0.18.0
   Compiling equator-macro v0.4.2
   Compiling equator-macro v0.2.1
    Checking regex-automata v0.4.14
    Checking ppv-lite86 v0.2.21
    Checking half v2.7.1
    Checking atoi v2.0.0
    Checking approx v0.5.1
    Checking rand_chacha v0.3.1
    Checking rand_chacha v0.9.0
    Checking crossbeam-queue v0.3.12
    Checking rand v0.8.6
    Checking line-clipping v0.3.7
    Checking rand v0.9.4
    Checking anstyle-query v1.1.5
    Checking data-encoding v2.11.0
    Checking atomic_float v1.1.0
    Checking strength_reduce v0.2.4
    Checking base64 v0.22.1
    Checking bitflags v1.3.2
    Checking is_terminal_polyfill v1.70.2
   Compiling snap v1.1.1
    Checking anstyle v1.0.14
    Checking uuid v1.23.1
    Checking hashbrown v0.17.1
    Checking num-complex v0.4.6
    Checking rand_distr v0.5.1
    Checking colorchoice v1.0.5
    Checking anstream v1.0.0
    Checking rand_distr v0.4.3
    Checking burn-common v0.18.0
    Checking num v0.4.3
    Checking arrow-buffer v54.3.1
    Checking ndarray v0.16.1
    Checking indexmap v2.14.0
    Checking burn-tensor v0.18.0
    Checking regex v1.12.3
    Checking arrow-data v54.3.1
    Checking simba v0.9.1
    Checking ndarray v0.17.2
    Checking arrow-array v54.3.1
    Checking burn-autodiff v0.18.0
    Checking burn-ir v0.18.0
    Checking arrow-select v54.3.1
    Checking burn-core v0.18.0
    Checking arrow-cast v54.3.1
    Checking py_literal v0.4.0
    Checking transpose v0.2.3
    Checking ratatui-widgets v0.3.0
    Checking crossbeam v0.8.4
    Checking equator v0.4.2
    Checking equator v0.2.2
    Checking chacha20 v0.10.0
    Checking crypto-common v0.1.7
    Checking block-buffer v0.10.4
    Checking console v0.16.3
    Checking primal-check v0.3.4
    Checking ordered-float v2.10.1
    Checking noisy_float v0.2.1
    Checking itertools v0.13.0
    Checking twox-hash v2.1.2
    Checking generativity v1.2.1
    Checking clap_lex v1.1.0
   Compiling equator-macro v0.6.0
    Checking unit-prefix v0.5.2
    Checking integer-encoding v3.0.4
    Checking atomic-wait v1.1.0
    Checking spindle v0.2.6
    Checking clap_builder v4.6.0
    Checking equator v0.6.0
    Checking thrift v0.17.0
    Checking gemm-common v0.19.0
    Checking gemm-c32 v0.19.0
    Checking gemm-c64 v0.19.0
    Checking gemm-f32 v0.19.0
    Checking gemm-f64 v0.19.0
    Checking qd v0.8.0
    Checking ndarray-stats v0.6.0
    Checking faer-traits v0.24.0
    Checking indicatif v0.18.4
    Checking gemm v0.19.0
    Checking lz4_flex v0.11.6
    Checking ratatui-macros v0.7.0
    Checking rustfft v6.4.1
    Checking digest v0.10.7
    Checking rand v0.10.1
    Checking nalgebra v0.33.3
    Checking arrow-ipc v54.3.1
    Checking npyz v0.8.4
    Checking arrow-string v54.3.1
    Checking arrow-ord v54.3.1
    Checking arrow-row v54.3.1
    Checking arrow-arith v54.3.1
    Checking zstd v0.13.3
    Checking ratatui-crossterm v0.1.0
   Compiling clap_derive v4.6.1
    Checking twox-hash v1.6.3
    Checking csv-core v0.1.13
    Checking cpufeatures v0.2.17
   Compiling gam v0.3.105 (/Users/user/gam)
    Checking sha2 v0.10.9
    Checking parquet v54.3.1
    Checking csv v1.4.0
    Checking arrow v54.3.1
    Checking ratatui v0.30.0
