   Compiling proc-macro2 v1.0.106
   Compiling unicode-ident v1.0.24
   Compiling quote v1.0.45
   Compiling libc v0.2.186
   Compiling cfg-if v1.0.4
   Compiling serde_core v1.0.228
   Compiling autocfg v1.5.1
   Compiling libm v0.2.16
   Compiling serde v1.0.228
   Compiling zerocopy v0.8.48
   Compiling equivalent v1.0.2
   Compiling crossbeam-utils v0.8.21
   Compiling allocator-api2 v0.2.21
   Compiling version_check v0.9.5
   Compiling bitflags v2.11.1
   Compiling either v1.16.0
   Compiling once_cell v1.21.4
   Compiling getrandom v0.3.4
   Compiling rayon-core v1.13.0
   Compiling scopeguard v1.2.0
   Compiling paste v1.0.15
   Compiling unicode-segmentation v1.13.2
   Compiling strsim v0.11.1
   Compiling memchr v2.8.0
   Compiling portable-atomic v1.13.1
   Compiling foldhash v0.1.5
   Compiling ident_case v1.0.1
   Compiling unicode-xid v0.2.6
   Compiling log v0.4.30
   Compiling foldhash v0.2.0
   Compiling nano-gemm-codegen v0.2.1
   Compiling rawpointer v0.2.1
   Compiling itoa v1.0.18
   Compiling find-msvc-tools v0.1.9
   Compiling shlex v1.3.0
   Compiling semver v1.0.28
   Compiling thiserror v2.0.18
   Compiling bytes v1.11.1
   Compiling smallvec v1.15.1
   Compiling parking_lot_core v0.9.12
   Compiling iana-time-zone v0.1.65
   Compiling hashbrown v0.17.1
   Compiling fastrand v2.4.1
   Compiling seq-macro v0.3.6
   Compiling ryu v1.0.23
   Compiling reborrow v0.5.5
   Compiling futures-io v0.3.32
   Compiling futures-core v0.3.32
   Compiling lock_api v0.4.14
   Compiling raw-cpuid v11.6.0
   Compiling arrow-schema v54.3.1
   Compiling rustc_version v0.4.1
   Compiling typenum v1.20.0
   Compiling parking v2.2.1
   Compiling unicode-width v0.2.0
   Compiling pin-project-lite v0.2.17
   Compiling heck v0.5.0
   Compiling cubecl-common v0.6.0
   Compiling pulp-wasm-simd-flag v0.1.0
   Compiling itertools v0.14.0
   Compiling web-time v1.1.0
   Compiling embassy-futures v0.1.2
   Compiling winnow v1.0.3
   Compiling rustversion v1.0.22
   Compiling dyn-stack-macros v0.1.3
   Compiling zmij v1.0.21
   Compiling static_assertions v1.1.0
   Compiling winnow v0.7.15
   Compiling convert_case v0.10.0
   Compiling toml_datetime v0.7.5+spec-1.1.0
   Compiling fnv v1.0.7
   Compiling lexical-util v1.0.7
   Compiling pkg-config v0.3.33
   Compiling colored v3.1.1
   Compiling indexmap v2.14.0
   Compiling signal-hook v0.3.18
   Compiling ucd-trie v0.1.7
   Compiling futures-lite v2.6.1
   Compiling rustix v1.1.4
   Compiling syn v1.0.109
   Compiling crossbeam-epoch v0.9.18
   Compiling crossbeam-channel v0.5.15
   Compiling serde_json v1.0.150
   Compiling indoc v2.0.7
   Compiling crc32fast v1.5.0
   Compiling instability v0.3.12
   Compiling cfg_aliases v0.2.1
   Compiling ahash v0.8.12
   Compiling pulp v0.22.2
   Compiling toml_parser v1.1.2+spec-1.1.0
   Compiling spin v0.10.0
   Compiling getrandom v0.2.17
   Compiling num_cpus v1.17.0
   Compiling jobserver v0.1.34
   Compiling errno v0.3.14
   Compiling pest v2.8.6
   Compiling hashbrown v0.16.1
   Compiling serde_bytes v0.11.19
   Compiling num-traits v0.2.19
   Compiling matrixmultiply v0.3.10
   Compiling generic-array v0.14.7
   Compiling linux-raw-sys v0.12.1
   Compiling nano-gemm-core v0.2.1
   Compiling typeid v1.0.3
   Compiling crossbeam-deque v0.8.6
   Compiling lexical-parse-integer v1.0.6
   Compiling thread-tree v0.3.3
   Compiling lexical-write-integer v1.0.6
   Compiling unicode-truncate v2.0.1
   Compiling mio v1.2.0
   Compiling macerator v0.2.10
   Compiling rand_core v0.6.4
   Compiling aho-corasick v1.1.4
   Compiling simd-adler32 v0.3.9
   Compiling signal-hook-registry v1.4.8
   Compiling erased-serde v0.4.10
   Compiling rand_core v0.9.5
   Compiling syn v2.0.117
   Compiling cc v1.2.62
   Compiling parking_lot v0.12.5
   Compiling toml_edit v0.23.10+spec-1.0.0
   Compiling castaway v0.2.4
   Compiling litrs v1.0.0
   Compiling powerfmt v0.2.0
   Compiling rand_core v0.10.1
   Compiling regex-syntax v0.8.10
   Compiling disqualified v1.0.0
   Compiling lru v0.16.4
   Compiling pest_meta v2.8.6
   Compiling utf8parse v0.2.2
   Compiling getrandom v0.4.2
   Compiling adler2 v2.0.1
   Compiling lexical-parse-float v1.0.6
   Compiling lexical-write-float v1.0.6
   Compiling num-integer v0.1.46
   Compiling chrono v0.4.44
   Compiling approx v0.5.1
   Compiling compact_str v0.9.0
   Compiling rmp v0.8.15
   Compiling nano-gemm-c32 v0.2.1
   Compiling nano-gemm-f64 v0.2.1
   Compiling deranged v0.5.8
   Compiling anstyle-parse v1.0.0
   Compiling nano-gemm-c64 v0.2.1
   Compiling miniz_oxide v0.8.9
   Compiling nano-gemm-f32 v0.2.1
   Compiling rayon v1.12.0
   Compiling flatbuffers v24.12.23
   Compiling signal-hook-mio v0.2.5
   Compiling crossbeam-queue v0.3.12
   Compiling itertools v0.13.0
   Compiling defer v0.2.1
   Compiling colorchoice v1.0.5
   Compiling zstd-safe v7.2.4
   Compiling unty v0.0.4
   Compiling burn-ndarray v0.18.0
   Compiling moddef v0.3.0
   Compiling byteorder v1.5.0
   Compiling num_threads v0.1.7
   Compiling anstyle v1.0.14
   Compiling anstyle-query v1.1.5
   Compiling time-core v0.1.8
   Compiling num-conv v0.2.2
   Compiling num-bigint v0.4.6
   Compiling num-iter v0.1.45
   Compiling regex-automata v0.4.14
   Compiling is_terminal_polyfill v1.70.2
   Compiling crossbeam v0.8.4
   Compiling lexical-core v1.0.6
   Compiling flate2 v1.1.9
   Compiling darling_core v0.23.0
   Compiling darling_core v0.20.11
   Compiling pest_generator v2.8.6
   Compiling bevy_macro_utils v0.18.1
   Compiling bevy_macro_utils v0.17.3
   Compiling atoi v2.0.0
   Compiling time v0.3.47
   Compiling atomic-wait v1.1.0
   Compiling line-clipping v0.3.7
   Compiling anstream v1.0.0
   Compiling snap v1.1.1
   Compiling base64 v0.22.1
   Compiling downcast-rs v2.0.2
   Compiling atomic_float v1.1.0
   Compiling bitflags v1.3.2
   Compiling document-features v0.2.12
   Compiling cpufeatures v0.3.0
   Compiling clap_lex v1.1.0
   Compiling strength_reduce v0.2.4
   Compiling plotters-backend v0.3.7
   Compiling data-encoding v2.11.0
   Compiling inventory v0.3.24
   Compiling uuid v1.23.1
   Compiling ciborium-io v0.2.2
   Compiling block-buffer v0.10.4
   Compiling num-rational v0.4.2
   Compiling regex v1.12.3
   Compiling transpose v0.2.3
   Compiling chacha20 v0.10.0
   Compiling crypto-common v0.1.7
   Compiling primal-check v0.3.4
   Compiling ordered-float v2.10.1
   Compiling noisy_float v0.2.1
   Compiling clap_builder v4.6.0
   Compiling plotters-svg v0.3.7
   Compiling console v0.16.3
   Compiling cast v0.3.0
   Compiling cudarc v0.19.7
   Compiling integer-encoding v3.0.4
   Compiling equator-macro v0.6.0
   Compiling same-file v1.0.6
   Compiling bevy_ptr v0.17.3
   Compiling unit-prefix v0.5.2
   Compiling twox-hash v2.1.2
   Compiling bevy_ptr v0.18.1
   Compiling tinyvec_macros v0.1.1
   Compiling generativity v1.2.1
   Compiling rand v0.10.1
   Compiling digest v0.10.7
   Compiling plotters v0.3.7
   Compiling page_size v0.6.0
   Compiling twox-hash v1.6.3
   Compiling csv-core v0.1.13
   Compiling libloading v0.9.0
   Compiling anes v0.1.6
   Compiling gam v0.3.117 (/projects/standard/hsiehph/sauer354/gam)
   Compiling lz4_flex v0.11.6
   Compiling cpufeatures v0.2.17
   Compiling tinyvec v1.11.0
   Compiling thrift v0.17.0
   Compiling criterion-plot v0.8.2
   Compiling indicatif v0.18.4
   Compiling walkdir v2.5.0
   Compiling oorandom v11.1.5
   Compiling tempfile v3.27.0
   Compiling autodiff v0.7.0
   Compiling sysinfo v0.32.1
   Compiling memmap2 v0.9.10
   Compiling csv v1.4.0
   Compiling sha2 v0.10.9
   Compiling libloading v0.8.9
   Compiling rand_distr v0.6.0
   Compiling zstd-sys v2.0.16+zstd.1.5.7
   Compiling alloca v0.4.0
   Compiling equator v0.6.0
   Compiling serde_derive v1.0.228
   Compiling zerocopy-derive v0.8.48
   Compiling bytemuck_derive v1.10.2
   Compiling derive_more-impl v2.1.1
   Compiling thiserror-impl v2.0.18
   Compiling derive-new v0.7.0
   Compiling strum_macros v0.27.2
   Compiling darling_macro v0.20.11
   Compiling equator-macro v0.4.2
   Compiling assert_type_match v0.1.1
   Compiling nalgebra-macros v0.3.0
   Compiling variadics_please v1.1.0
   Compiling equator-macro v0.2.1
   Compiling pest_derive v2.8.6
   Compiling clap_derive v4.6.1
   Compiling bevy_reflect_derive v0.18.1
   Compiling bevy_reflect_derive v0.17.3
   Compiling darling_macro v0.23.0
   Compiling interpol v0.2.1
   Compiling darling v0.20.11
   Compiling macerator-macros v0.1.5
   Compiling private-gemm-x86 v0.1.20
   Compiling burn-derive v0.18.0
   Compiling equator v0.2.2
   Compiling darling v0.23.0
   Compiling equator v0.4.2
   Compiling serde_with_macros v3.20.0
   Compiling spindle v0.2.6
   Compiling bytemuck v1.25.0
   Compiling dyn-stack v0.13.2
   Compiling safe_arch v0.7.4
   Compiling kasuari v0.4.12
   Compiling strum v0.27.2
   Compiling wide v0.7.33
   Compiling ratatui-core v0.1.0
   Compiling clap v4.6.1
   Compiling ratatui-widgets v0.3.0
   Compiling hashbrown v0.15.5
   Compiling bevy_platform v0.18.1
   Compiling rmp-serde v1.3.1
   Compiling bevy_platform v0.17.3
   Compiling bincode v2.0.1
   Compiling tinytemplate v1.2.1
   Compiling serde_with v3.20.0
   Compiling bevy_utils v0.17.3
   Compiling bevy_utils v0.18.1
   Compiling ratatui-macros v0.7.0
   Compiling ppv-lite86 v0.2.21
   Compiling half v2.7.1
   Compiling derive_more v2.1.1
   Compiling crossterm v0.29.0
   Compiling bevy_reflect v0.17.3
   Compiling bevy_reflect v0.18.1
   Compiling rand_chacha v0.3.1
   Compiling rand_chacha v0.9.0
   Compiling ciborium-ll v0.2.2
   Compiling rand v0.9.4
   Compiling ciborium v0.2.2
   Compiling rand v0.8.6
   Compiling ratatui-crossterm v0.1.0
   Compiling comfy-table v7.2.2
   Compiling ratatui v0.30.0
   Compiling rand_distr v0.5.1
   Compiling criterion v0.8.2
   Compiling num-complex v0.4.6
   Compiling rand_distr v0.4.3
   Compiling zstd v0.13.3
   Compiling burn-common v0.18.0
   Compiling burn-tensor v0.18.0
   Compiling num v0.4.3
   Compiling simba v0.9.1
   Compiling ndarray v0.16.1
   Compiling ndarray v0.17.2
   Compiling py_literal v0.4.0
   Compiling rustfft v6.4.1
   Compiling arrow-buffer v54.3.1
   Compiling arrow-data v54.3.1
   Compiling npyz v0.8.4
   Compiling arrow-array v54.3.1
   Compiling gemm-common v0.19.0
   Compiling qd v0.8.0
   Compiling faer-traits v0.24.0
   Compiling burn-autodiff v0.18.0
   Compiling burn-ir v0.18.0
   Compiling burn-core v0.18.0
   Compiling gemm-f64 v0.19.0
   Compiling gemm-f32 v0.19.0
   Compiling gemm-c64 v0.19.0
   Compiling gemm-c32 v0.19.0
   Compiling arrow-select v54.3.1
   Compiling arrow-ipc v54.3.1
   Compiling arrow-row v54.3.1
   Compiling arrow-arith v54.3.1
   Compiling nalgebra v0.34.2
   Compiling nalgebra v0.33.3
   Compiling gemm v0.19.0
   Compiling arrow-cast v54.3.1
   Compiling arrow-ord v54.3.1
   Compiling arrow-string v54.3.1
   Compiling ndarray-stats v0.6.0
   Compiling opt v0.5.11
   Compiling parquet v54.3.1
   Compiling arrow v54.3.1
   Compiling nano-gemm v0.2.2
   Compiling faer v0.24.0
   Compiling statrs v0.18.0
   Compiling ad_trait v0.3.1
   Compiling num-dual v0.13.7
   Compiling burn v0.18.0
   Compiling general-mcmc v0.9.0
warning: gam@0.3.117: ban-scanner found 1811 violation(s) across 22 rule(s) — TEMPORARILY non-fatal (see report on stderr); restore exit(1) in build.rs once cleared
    Finished `test` profile [unoptimized + debuginfo] target(s) in 6m 00s
