computing feature activations on 80000 positions...
alive features: 4096/4096

feat 2527  max   4.72  fire  2.81%  @0x102dc7                                  → 0x18fd93(75.5), 0x28cb7(75.5), 0x28dbb(75.5)
feat 1373  max   5.80  fire  5.55%  @0x187077                                  → 0x28dbb(91.9), 0x1c3e8f(91.9), 0x22d0f(91.9)
feat 2455  max   2.28  fire  0.17%  @0x102e8f                                  → 0x28cb7(25.9), 0x28dbb(25.9), 0x1c3e8f(25.4)
feat 2046  max   2.89  fire  1.13%  @0x102ff7                                  → 0x28dbb(41.7), 0x1c3e8f(41.7), 0x22d0f(41.7)
feat 2066  max   2.86  fire  1.10%  @0x1c3e8f                                  → 0x8d53(44.2), 0x3914b(44.2), 0x18fd93(44.2)
feat  260  max   2.84  fire  1.60%  @0x28cb7                                   → 0x8d53(45.4), 0x3914b(45.4), 0x18fd93(45.4)
feat 1679  max   3.71  fire  6.68%  @0x28cb7                                   → 0x8d53(58.2), 0x3914b(58.2), 0x18fd93(58.2)
feat  526  max   3.79  fire  7.48%  @0x102dc7                                  → 0x18fd93(60.0), 0x28cb7(60.0), 0x28dbb(60.0)
feat 2735  max   2.95  fire  4.40%  @<DWELL_8>                                 → 0x35e4f(40.7), 0x102dc7(40.7), 0x1c3e8f(37.7)
feat  764  max   3.92  fire 10.89%  @0x102e8f                                  → 0x28cb7(56.3), 0x28dbb(56.3), 0x1c3e8f(56.3)
feat 1491  max   3.50  fire  8.40%  @<EOS>                                     → 0x22d0f(54.7), 0x35e4f(54.7), 0x102dc7(54.7)
feat 1097  max   2.60  fire  3.75%  @0x13e8                                    → 0x1c3e8f(38.1), 0x22d0f(38.1), 0x1e8d3(38.1)
feat 2622  max   2.14  fire  1.88%  @<DWELL_14>                                → 0x35e4f(21.9), 0x102dc7(21.9), 0x1e96f(19.7)
feat 1738  max   4.49  fire 15.40%  @0x102fec                                  → 0x28dbb(70.4), 0x1c3e8f(70.4), 0x22d0f(70.4)
feat 1173  max   2.86  fire  5.68%  @0x1c3e8f                                  → 0x8d53(45.8), 0x3914b(45.8), 0x18fd93(45.8)
feat 1761  max   3.71  fire 10.94%  @0x18fd93                                  → 0x8d53(58.7), 0x3914b(58.7), 0x18fd93(58.7)
feat 3541  max   3.13  fire  7.36%  @<EOS>                                     → 0x22d0f(45.5), 0x35e4f(45.5), 0x102dc7(45.5)
feat   23  max   1.95  fire  1.53%  @0x35e6b                                   → 0x8d53(28.5), 0x3914b(28.5), 0x18fd93(28.5)
feat 2989  max   2.23  fire  2.61%  @0x8d53                                    → 0x35e4f(35.7), 0x102dc7(35.7), 0x8d53(35.7)
feat 1296  max   3.74  fire 11.33%  @0x1cce27                                  → 0x18fd93(54.9), 0x28cb7(54.9), 0x28dbb(54.9)
feat 4025  max   2.72  fire  5.04%  @0x1400                                    → 0x102f97(49.6), 0x1c3e8f(41.8), 0x22d0f(41.8)
feat 2411  max   2.27  fire  2.87%  @0x35e6b                                   → 0x8d53(34.5), 0x3914b(34.5), 0x18fd93(34.5)
feat 3976  max   1.90  fire  1.45%  @<EOS>                                     → 0x1c3e8f(30.5), 0x22d0f(30.5), 0x35e4f(30.5)
feat 3609  max   2.21  fire  2.76%  @0x1878b7                                  → 0x1c3e8f(33.3), 0x22d0f(33.3), 0x1e96f(33.3)
feat 1402  max   2.48  fire  4.12%  @0x28cb7                                   → 0x8d53(37.0), 0x3914b(37.0), 0x18fd93(37.0)
feat 2264  max   2.31  fire  3.60%  @0x1e4004                                  → 0x28dbb(36.1), 0x1c3e8f(36.1), 0x22d0f(36.1)
feat 3540  max   2.81  fire  6.56%  @<BOS>                                     → 0x35e4f(38.4), 0x102dc7(38.4), 0x22d0f(30.1)
feat  271  max   2.18  fire  3.25%  @0x3914b                                   → 0x8d53(34.8), 0x3914b(34.8), 0x102dc7(32.6)
feat  268  max   2.30  fire  4.15%  @0x8d53                                    → 0x35e4f(35.4), 0x8d53(35.4), 0x102dc7(33.2)
feat  798  max   4.61  fire 21.02%  @0x1c3e8f                                  → 0x8d53(71.0), 0x3914b(71.0), 0x18fd93(71.0)
feat 1851  max   3.68  fire 15.22%  @<EOS>                                     → 0x28dbb(55.9), 0x1c3e8f(55.9), 0x22d0f(55.9)
feat 3115  max   2.27  fire  4.75%  @0x102f97                                  → 0x102f97(39.5), 0x28dbb(33.3), 0x1c3e8f(33.3)
feat 3763  max   1.84  fire  2.56%  @0x57034                                   → 0x8d53(17.8), 0x3914b(17.8), 0x18fd93(17.8)
feat 3183  max   2.54  fire  7.03%  @<EOS>                                     → 0x22d0f(38.8), 0x35e4f(38.8), 0x102dc7(38.8)
feat 2675  max   2.58  fire  7.37%  @0x1c3e8f                                  → 0x8d53(41.3), 0x3914b(41.3), 0x18fd93(41.3)
feat 2261  max   2.48  fire  6.79%  @0x22d0f                                   → 0x8d53(39.2), 0x3914b(39.2), 0x18fd93(39.2)
feat 1898  max   2.85  fire  9.63%  @0x28dbb                                   → 0x8d53(45.1), 0x3914b(45.1), 0x18fd93(45.1)
feat  950  max   2.29  fire  5.79%  @0x22d0f                                   → 0x8d53(36.7), 0x3914b(36.7), 0x18fd93(36.7)
feat  748  max   3.26  fire 13.57%  @<DWELL_6>                                 → 0x35e4f(51.0), 0x102dc7(51.0), 0x22d0f(47.8)
feat 3251  max   2.98  fire 11.23%  @<EOS>                                     → 0x1c3e8f(44.8), 0x22d0f(44.8), 0x35e4f(44.8)
feat 2268  max   1.44  fire  1.16%  @0x25060                                   → 0x8d53(15.7), 0x3914b(15.7), 0x18fd93(15.7)
feat  602  max   2.04  fire  4.46%  @0x1e8d3                                   → 0x8d53(30.4), 0x3914b(30.4), 0x18fd93(30.4)
feat 2170  max   2.97  fire 11.91%  @<EOS>                                     → 0x22d0f(46.2), 0x35e4f(46.2), 0x102dc7(46.2)
feat 1556  max   2.06  fire  4.71%  @<EOS>                                     → 0x1c3e8f(31.2), 0x22d0f(31.2), 0x35e4f(31.2)
feat  303  max   2.42  fire  7.45%  @0x102fb8                                  → 0x28cb7(37.7), 0x28dbb(37.7), 0x1c3e8f(37.7)
feat  168  max   2.32  fire  6.67%  @0x1c3e87                                  → 0x8d53(26.8), 0x3914b(26.8), 0x18fd93(26.8)
feat 2484  max   2.56  fire  8.77%  @0x1c3e8f                                  → 0x8d53(40.9), 0x3914b(40.9), 0x18fd93(40.9)
feat 2988  max   2.07  fire  5.01%  @0x35e4f                                   → 0x8d53(33.1), 0x3914b(33.1), 0x18fd93(33.1)
feat  329  max   2.34  fire  7.09%  @0x102ff7                                  → 0x28cb7(35.9), 0x28dbb(35.9), 0x1c3e8f(35.9)
feat 1310  max   2.37  fire  7.40%  @0x1e4000                                  → 0x1c3e8f(34.8), 0x22d0f(34.8), 0x28dbb(32.7)
feat  668  max   2.94  fire 12.46%  @<DWELL_0>                                 → 0x35e4f(43.0), 0x102dc7(43.0), 0x22d0f(35.1)
feat  875  max   2.90  fire 12.16%  @0x22d0f                                   → 0x8d53(46.1), 0x3914b(46.1), 0x18fd93(46.1)
feat 2957  max   2.17  fire  6.25%  @0x102ff7                                  → 0x28cb7(33.9), 0x28dbb(33.9), 0x1c3e8f(33.9)
feat 2003  max   2.20  fire  6.50%  @<EOS>                                     → 0x22d0f(33.7), 0x35e4f(33.7), 0x102dc7(33.7)
feat 3381  max   2.64  fire 10.27%  @0x35e4f                                   → 0x3914b(41.9), 0x18fd93(41.9), 0x28cb7(41.9)
feat  290  max   2.27  fire  7.31%  @<EOS>                                     → 0x22d0f(33.1), 0x35e4f(33.1), 0x102dc7(33.1)
feat 2536  max   2.43  fire  8.72%  @0x28dbb                                   → 0x8d53(39.0), 0x3914b(39.0), 0x18fd93(39.0)
feat 2698  max   3.32  fire 16.81%  @0x102dc7                                  → 0x18fd93(52.9), 0x28cb7(52.9), 0x28dbb(52.9)
feat 2161  max   1.76  fire  3.47%  @0x102f2f                                  → 0x102f2f(30.1), 0x28dbb(26.8), 0x1c3e8f(26.8)
feat 3240  max   2.37  fire  8.21%  @0x102f2f                                  → 0x102f2f(53.6), 0x28dbb(35.9), 0x1c3e8f(35.9)
feat  646  max   3.41  fire 17.95%  @0x102dc7                                  → 0x18fd93(54.5), 0x28cb7(54.5), 0x28dbb(54.5)
feat 3531  max   1.89  fire  4.59%  @<EOS>                                     → 0x28dbb(28.7), 0x1c3e8f(28.7), 0x22d0f(28.7)
feat 1359  max   1.85  fire  4.32%  @0x102ff7                                  → 0x3914b(28.4), 0x18fd93(28.4), 0x28cb7(28.4)
feat 1429  max   2.05  fire  5.87%  @0x22d0f                                   → 0x8d53(32.2), 0x3914b(32.2), 0x18fd93(32.2)

[ok] wrote 64 features → data/tok/features.txt
