device: mps
=== re-harvesting activations across full profile ===
[harvest] subsampled windows: 390 (uniformly spaced)
[harvest] total positions available: 5499392, capping at 100000
[ok] re-harvested: (99840, 256), win_idx range [0, 21481]
=== retraining SAE on new activations ===
[sae] config: SAEConfig(d_model=256, dict_size=4096, k=16, dead_feature_threshold_steps=200, aux_k=64, aux_alpha=0.0625), acts: (99840, 256)
[sae] step 0/4000  recon 53.002  expl 0.287  dead 0/4096  1s
[sae] step 100/4000  recon 7.761  expl 0.896  dead 0/4096  7s
[sae] step 200/4000  recon 1.663  expl 0.978  dead 0/4096  13s
[sae] step 300/4000  recon 1.297  expl 0.983  dead 0/4096  19s
[sae] step 400/4000  recon 1.145  expl 0.985  dead 0/4096  26s
[sae] step 500/4000  recon 1.057  expl 0.986  dead 0/4096  31s
[sae] step 600/4000  recon 0.989  expl 0.987  dead 0/4096  37s
[sae] step 700/4000  recon 0.935  expl 0.987  dead 0/4096  43s
[sae] step 800/4000  recon 0.897  expl 0.988  dead 0/4096  48s
[sae] step 900/4000  recon 0.864  expl 0.988  dead 0/4096  54s
[sae] step 1000/4000  recon 0.842  expl 0.989  dead 453/4096  59s
[sae] step 1100/4000  recon 0.869  expl 0.988  dead 530/4096  67s
[sae] step 1200/4000  recon 0.849  expl 0.989  dead 571/4096  76s
[sae] step 1300/4000  recon 0.831  expl 0.989  dead 651/4096  86s
[sae] step 1400/4000  recon 0.811  expl 0.989  dead 708/4096  95s
[sae] step 1500/4000  recon 0.797  expl 0.989  dead 773/4096  105s
[sae] step 1600/4000  recon 0.781  expl 0.989  dead 856/4096  114s
[sae] step 1700/4000  recon 0.769  expl 0.990  dead 891/4096  124s
[sae] step 1800/4000  recon 0.754  expl 0.990  dead 877/4096  133s
[sae] step 1900/4000  recon 0.744  expl 0.990  dead 876/4096  142s
[sae] step 2000/4000  recon 0.737  expl 0.990  dead 882/4096  151s
[sae] step 2100/4000  recon 0.725  expl 0.990  dead 925/4096  161s
[sae] step 2200/4000  recon 0.717  expl 0.990  dead 971/4096  171s
[sae] step 2300/4000  recon 0.711  expl 0.990  dead 1042/4096  181s
[sae] step 2400/4000  recon 0.700  expl 0.991  dead 1065/4096  191s
[sae] step 2500/4000  recon 0.695  expl 0.991  dead 1090/4096  200s
[sae] step 2600/4000  recon 0.689  expl 0.991  dead 1122/4096  210s
[sae] step 2700/4000  recon 0.683  expl 0.991  dead 1168/4096  218s
[sae] step 2800/4000  recon 0.674  expl 0.991  dead 1185/4096  227s
[sae] step 2900/4000  recon 0.671  expl 0.991  dead 1202/4096  237s
[sae] step 3000/4000  recon 0.665  expl 0.991  dead 1269/4096  246s
[sae] step 3100/4000  recon 0.661  expl 0.991  dead 1295/4096  255s
[sae] step 3200/4000  recon 0.656  expl 0.991  dead 1407/4096  264s
[sae] step 3300/4000  recon 0.651  expl 0.991  dead 1507/4096  273s
[sae] step 3400/4000  recon 0.650  expl 0.991  dead 1624/4096  283s
[sae] step 3500/4000  recon 0.646  expl 0.991  dead 1771/4096  294s
[sae] step 3600/4000  recon 0.643  expl 0.991  dead 1926/4096  303s
[sae] step 3700/4000  recon 0.640  expl 0.991  dead 2083/4096  314s
[sae] step 3800/4000  recon 0.642  expl 0.991  dead 2216/4096  323s
[sae] step 3900/4000  recon 0.639  expl 0.991  dead 2361/4096  333s
[ok] saved SAE to data/tok/sae.pt
