device: mps
acts: (80000, 256)
[sae] config: SAEConfig(d_model=256, dict_size=4096, k=16, dead_feature_threshold_steps=200, aux_k=64, aux_alpha=0.0625), acts: (80000, 256)
[sae] step 0/4000  recon 51.997  expl 0.265  dead 0/4096  1s
[sae] step 100/4000  recon 7.233  expl 0.898  dead 0/4096  5s
[sae] step 200/4000  recon 1.381  expl 0.980  dead 0/4096  9s
[sae] step 300/4000  recon 1.076  expl 0.985  dead 0/4096  13s
[sae] step 400/4000  recon 0.949  expl 0.987  dead 0/4096  17s
[sae] step 500/4000  recon 0.877  expl 0.988  dead 0/4096  21s
[sae] step 600/4000  recon 0.820  expl 0.988  dead 0/4096  25s
[sae] step 700/4000  recon 0.782  expl 0.989  dead 0/4096  29s
[sae] step 800/4000  recon 0.750  expl 0.989  dead 0/4096  33s
[sae] step 900/4000  recon 0.727  expl 0.990  dead 0/4096  37s
[sae] step 1000/4000  recon 0.704  expl 0.990  dead 802/4096  41s
[sae] step 1100/4000  recon 0.730  expl 0.990  dead 834/4096  49s
[sae] step 1200/4000  recon 0.711  expl 0.990  dead 913/4096  56s
[sae] step 1300/4000  recon 0.698  expl 0.990  dead 947/4096  63s
[sae] step 1400/4000  recon 0.683  expl 0.990  dead 914/4096  71s
[sae] step 1500/4000  recon 0.671  expl 0.991  dead 957/4096  78s
[sae] step 1600/4000  recon 0.661  expl 0.991  dead 943/4096  85s
[sae] step 1700/4000  recon 0.650  expl 0.991  dead 971/4096  92s
[sae] step 1800/4000  recon 0.639  expl 0.991  dead 967/4096  100s
[sae] step 1900/4000  recon 0.633  expl 0.991  dead 929/4096  107s
[sae] step 2000/4000  recon 0.622  expl 0.991  dead 927/4096  114s
[sae] step 2100/4000  recon 0.615  expl 0.991  dead 1040/4096  120s
[sae] step 2200/4000  recon 0.609  expl 0.991  dead 1147/4096  127s
[sae] step 2300/4000  recon 0.602  expl 0.991  dead 1207/4096  134s
[sae] step 2400/4000  recon 0.596  expl 0.992  dead 1248/4096  141s
[sae] step 2500/4000  recon 0.592  expl 0.992  dead 1245/4096  148s
[sae] step 2600/4000  recon 0.587  expl 0.992  dead 1237/4096  155s
[sae] step 2700/4000  recon 0.582  expl 0.992  dead 1221/4096  163s
[sae] step 2800/4000  recon 0.578  expl 0.992  dead 1241/4096  171s
[sae] step 2900/4000  recon 0.572  expl 0.992  dead 1302/4096  178s
[sae] step 3000/4000  recon 0.569  expl 0.992  dead 1308/4096  186s
[sae] step 3100/4000  recon 0.565  expl 0.992  dead 1358/4096  193s
[sae] step 3200/4000  recon 0.560  expl 0.992  dead 1431/4096  200s
[sae] step 3300/4000  recon 0.555  expl 0.992  dead 1568/4096  208s
[sae] step 3400/4000  recon 0.551  expl 0.992  dead 1711/4096  216s
[sae] step 3500/4000  recon 0.548  expl 0.992  dead 1857/4096  224s
[sae] step 3600/4000  recon 0.545  expl 0.992  dead 2013/4096  232s
[sae] step 3700/4000  recon 0.541  expl 0.992  dead 2179/4096  240s
[sae] step 3800/4000  recon 0.541  expl 0.992  dead 2299/4096  248s
[sae] step 3900/4000  recon 0.538  expl 0.992  dead 2440/4096  257s
[ok] saved SAE with AuxK to data/tok/sae.pt
